0 info it worked if it ends with ok
1 verbose cli [ '/usr/local/bin/node', '/usr/local/bin/npm', 'publish' ]
2 info using npm@3.10.8
3 info using node@v6.9.1
4 verbose publish [ '.' ]
5 silly cache add args [ '.', null ]
6 verbose cache add spec .
7 silly cache add parsed spec Result {
7 silly cache add   raw: '.',
7 silly cache add   scope: null,
7 silly cache add   escapedName: null,
7 silly cache add   name: null,
7 silly cache add   rawSpec: '.',
7 silly cache add   spec: '/Users/zzc20161101/Desktop/git/personal/zcmd',
7 silly cache add   type: 'directory' }
8 verbose addLocalDirectory /Users/zzc20161101/.npm/zcmd/2.0.4/package.tgz not in flight; packing
9 verbose correctMkdir /Users/zzc20161101/.npm correctMkdir not in flight; initializing
10 info lifecycle zcmd@2.0.4~prepublish: zcmd@2.0.4
11 silly lifecycle zcmd@2.0.4~prepublish: no script for prepublish, continuing
12 verbose tar pack [ '/Users/zzc20161101/.npm/zcmd/2.0.4/package.tgz',
12 verbose tar pack   '/Users/zzc20161101/Desktop/git/personal/zcmd' ]
13 verbose tarball /Users/zzc20161101/.npm/zcmd/2.0.4/package.tgz
14 verbose folder /Users/zzc20161101/Desktop/git/personal/zcmd
15 verbose addLocalTarball adding from inside cache /Users/zzc20161101/.npm/zcmd/2.0.4/package.tgz
16 verbose correctMkdir /Users/zzc20161101/.npm correctMkdir not in flight; initializing
17 silly cache afterAdd zcmd@2.0.4
18 verbose afterAdd /Users/zzc20161101/.npm/zcmd/2.0.4/package/package.json not in flight; writing
19 verbose correctMkdir /Users/zzc20161101/.npm correctMkdir not in flight; initializing
20 verbose afterAdd /Users/zzc20161101/.npm/zcmd/2.0.4/package/package.json written
21 silly publish { name: 'zcmd',
21 silly publish   version: '2.0.4',
21 silly publish   description: '用于生成公共配置方案',
21 silly publish   main: 'index.js',
21 silly publish   scripts: { test: 'echo "Error: no test specified" && exit 1' },
21 silly publish   bin: { zcmd: './bin/zcmd.js' },
21 silly publish   repository:
21 silly publish    { type: 'git',
21 silly publish      url: 'git+https://github.com/chen4342024/zcmd.git' },
21 silly publish   keywords: [ 'webpack' ],
21 silly publish   author: { name: 'andy_chen' },
21 silly publish   license: 'ISC',
21 silly publish   bugs: { url: 'https://github.com/chen4342024/zcmd/issues' },
21 silly publish   homepage: 'https://github.com/chen4342024/zcmd#readme',
21 silly publish   dependencies: { chalk: '^2.0.1', commander: '^2.11.0', prompt: '^1.0.0' },
21 silly publish   devDependencies: {},
21 silly publish   readme: '# zcmd\n\n#### 安装\n```npm install zcmd -g```\n\n#### 支持命令 \n```zcmd init_config```  : 会将配置文件复制到当前目录中\n\n```zcmd replace_rem``` : 替换当前目录下scss文件里的rem值，主要用于更新旧代码的rem计算方式为新的比例\n > 如需调整比例，直接修改代码 ：）\n\n',
21 silly publish   readmeFilename: 'README.md',
21 silly publish   gitHead: '0f4e935c9be09ffb93cd32d5f7e473a479d655a8',
21 silly publish   _id: 'zcmd@2.0.4',
21 silly publish   _shasum: '2bd83dc99acef19db050c8488285599e57fdc44f',
21 silly publish   _from: '.' }
22 verbose getPublishConfig undefined
23 silly mapToRegistry name zcmd
24 silly mapToRegistry using default registry
25 silly mapToRegistry registry https://registry.npmjs.org/
26 silly mapToRegistry data Result {
26 silly mapToRegistry   raw: 'zcmd',
26 silly mapToRegistry   scope: null,
26 silly mapToRegistry   escapedName: 'zcmd',
26 silly mapToRegistry   name: 'zcmd',
26 silly mapToRegistry   rawSpec: '',
26 silly mapToRegistry   spec: 'latest',
26 silly mapToRegistry   type: 'tag' }
27 silly mapToRegistry uri https://registry.npmjs.org/zcmd
28 verbose publish registryBase https://registry.npmjs.org/
29 silly publish uploading /Users/zzc20161101/.npm/zcmd/2.0.4/package.tgz
30 verbose request uri https://registry.npmjs.org/zcmd
31 verbose request sending authorization for write operation
32 info attempt registry request try #1 at 17:40:35
33 verbose request using bearer token for auth
34 verbose request id b45497c65a841605
35 http request PUT https://registry.npmjs.org/zcmd
36 http 403 https://registry.npmjs.org/zcmd
37 verbose headers { 'content-type': 'application/json',
37 verbose headers   'cache-control': 'max-age=300',
37 verbose headers   'content-length': '91',
37 verbose headers   'accept-ranges': 'bytes',
37 verbose headers   date: 'Wed, 22 Nov 2017 09:44:14 GMT',
37 verbose headers   via: '1.1 varnish',
37 verbose headers   connection: 'keep-alive',
37 verbose headers   'x-served-by': 'cache-hkg17928-HKG',
37 verbose headers   'x-cache': 'MISS',
37 verbose headers   'x-cache-hits': '0',
37 verbose headers   'x-timer': 'S1511343637.220275,VS0,VE217307',
37 verbose headers   vary: 'Accept-Encoding, Accept' }
38 verbose request invalidating /Users/zzc20161101/.npm/registry.npmjs.org/zcmd on PUT
39 error publish Failed PUT 403
40 verbose stack Error: You cannot publish over the previously published version 2.0.4. : zcmd
40 verbose stack     at makeError (/usr/local/lib/node_modules/npm/node_modules/npm-registry-client/lib/request.js:302:12)
40 verbose stack     at CachingRegistryClient.<anonymous> (/usr/local/lib/node_modules/npm/node_modules/npm-registry-client/lib/request.js:290:14)
40 verbose stack     at Request._callback (/usr/local/lib/node_modules/npm/node_modules/npm-registry-client/lib/request.js:210:14)
40 verbose stack     at Request.self.callback (/usr/local/lib/node_modules/npm/node_modules/request/request.js:187:22)
40 verbose stack     at emitTwo (events.js:106:13)
40 verbose stack     at Request.emit (events.js:191:7)
40 verbose stack     at Request.<anonymous> (/usr/local/lib/node_modules/npm/node_modules/request/request.js:1044:10)
40 verbose stack     at emitOne (events.js:96:13)
40 verbose stack     at Request.emit (events.js:188:7)
40 verbose stack     at IncomingMessage.<anonymous> (/usr/local/lib/node_modules/npm/node_modules/request/request.js:965:12)
41 verbose statusCode 403
42 verbose pkgid zcmd
43 verbose cwd /Users/zzc20161101/Desktop/git/personal/zcmd
44 error Darwin 16.7.0
45 error argv "/usr/local/bin/node" "/usr/local/bin/npm" "publish"
46 error node v6.9.1
47 error npm  v3.10.8
48 error code E403
49 error You cannot publish over the previously published version 2.0.4. : zcmd
50 error If you need help, you may report this error at:
50 error     <https://github.com/npm/npm/issues>
51 verbose exit [ 1, true ]
